<?xml version="1.0" encoding="UTF-8"?>
<!-- Generated by org.testng.reporters.JUnitReportReporter -->
<testsuite skipped="0" hostname="SWAMY" name="Basics.JavaScriptExecutorTest1" tests="1" failures="0" timestamp="27 Mar 2019 08:10:37 GMT" time="11.505" errors="0">
  <testcase name="JavaScriptExecutortest" time="11.505" classname="Basics.JavaScriptExecutorTest1"/>
</testsuite> <!-- Basics.JavaScriptExecutorTest1 -->
