<?xml version="1.0" encoding="UTF-8"?>
<!-- Generated by org.testng.reporters.JUnitReportReporter -->
<testsuite skipped="0" hostname="SWAMY" name="log4j.Log4JTest" tests="1" failures="0" timestamp="03 Apr 2019 19:07:39 GMT" time="12.095" errors="0">
  <testcase name="test1" time="12.095" classname="log4j.Log4JTest"/>
</testsuite> <!-- log4j.Log4JTest -->
