<?xml version="1.0" encoding="UTF-8"?>
<!-- Generated by org.testng.reporters.JUnitReportReporter -->
<testsuite skipped="0" hostname="SWAMY" name="Basics.Demo1" tests="1" failures="0" timestamp="25 Apr 2019 09:50:34 GMT" time="8.256" errors="0">
  <testcase name="launchbrowser" time="8.256" classname="Basics.Demo1"/>
</testsuite> <!-- Basics.Demo1 -->
