<?xml version="1.0" encoding="UTF-8"?>
<!-- Generated by org.testng.reporters.JUnitReportReporter -->
<testsuite skipped="0" hostname="SWAMY" name="Basics.WindowsPopUpHandling" tests="1" failures="0" timestamp="22 Mar 2019 07:40:43 GMT" time="65.108" errors="0">
  <testcase name="test_CloseAllWindowsExceptMainWindow" time="65.108" classname="Basics.WindowsPopUpHandling"/>
</testsuite> <!-- Basics.WindowsPopUpHandling -->
