<?xml version="1.0" encoding="UTF-8"?>
<!-- Generated by org.testng.reporters.JUnitReportReporter -->
<testsuite skipped="0" hostname="SWAMY" name="Basics.JavaScriptExecutorTest" tests="1" failures="0" timestamp="27 Mar 2019 09:53:17 GMT" time="14.309" errors="0">
  <testcase name="JSEText" time="14.309" classname="Basics.JavaScriptExecutorTest"/>
</testsuite> <!-- Basics.JavaScriptExecutorTest -->
