<?xml version="1.0" encoding="UTF-8"?>
<!-- Generated by org.testng.reporters.JUnitReportReporter -->
<testsuite skipped="2" hostname="SWAMY" name="datadrivenframework.PracticeScript2" tests="7" failures="0" timestamp="02 Apr 2019 14:08:18 GMT" time="40.938" errors="0">
  <testcase name="dataFromDataProvider1" time="7.590" classname="datadrivenframework.PracticeScript2"/>
  <testcase name="dataFromDataProvider2" time="6.872" classname="datadrivenframework.PracticeScript2"/>
  <testcase name="dataFromDataProvider1" time="7.071" classname="datadrivenframework.PracticeScript2"/>
  <testcase name="dataFromDataProvider2" time="8.001" classname="datadrivenframework.PracticeScript2"/>
  <testcase name="print3" time="11.404" classname="datadrivenframework.PracticeScript2"/>
  <testcase name="print2" classname="datadrivenframework.PracticeScript2">
    <skipped/>
  </testcase> <!-- print2 -->
  <testcase name="print1" classname="datadrivenframework.PracticeScript2">
    <skipped/>
  </testcase> <!-- print1 -->
</testsuite> <!-- datadrivenframework.PracticeScript2 -->
