<?xml version="1.0" encoding="UTF-8"?>
<!-- Generated by org.testng.reporters.JUnitReportReporter -->
<testsuite skipped="0" hostname="SWAMY" name="demopackage.Demo1LaunchBrowser" tests="1" failures="0" timestamp="25 Apr 2019 10:08:43 GMT" time="9.929" errors="0">
  <testcase name="lanuchBrowser" time="9.929" classname="demopackage.Demo1LaunchBrowser"/>
</testsuite> <!-- demopackage.Demo1LaunchBrowser -->
