<?xml version="1.0" encoding="UTF-8"?>
<!-- Generated by org.testng.reporters.JUnitReportReporter -->
<testsuite skipped="0" hostname="SWAMY" name="Basics.DataProviderExample" tests="2" failures="0" timestamp="01 Apr 2019 14:02:10 GMT" time="13.905" errors="0">
  <testcase name="getDataFromProvider" time="7.319" classname="Basics.DataProviderExample"/>
  <testcase name="getDataFromProvider" time="6.586" classname="Basics.DataProviderExample"/>
</testsuite> <!-- Basics.DataProviderExample -->
